<?xml version="1.0" encoding="UTF-8"?>
<!-- Generated by org.testng.reporters.JUnitReportReporter -->
<testsuite hostname="LAPTOP-R8ICE530" failures="0" tests="2" name="demopackage.Group_Demo" time="0.008" errors="0" timestamp="2023-03-21T13:13:03 PDT" skipped="0">
  <testcase classname="demopackage.Group_Demo" name="tc1" time="0.007"/>
  <system-out/>
  <testcase classname="demopackage.Group_Demo" name="tc3" time="0.001"/>
  <system-out/>
</testsuite> <!-- demopackage.Group_Demo -->
