<?xml version="1.0" encoding="UTF-8"?>
<!-- Generated by org.testng.reporters.JUnitReportReporter -->
<testsuite hostname="LAPTOP-R8ICE530" failures="0" tests="2" name="demopackage.Group_Demo1" time="0.002" errors="0" timestamp="2023-03-21T13:13:03 PDT" skipped="0">
  <testcase classname="demopackage.Group_Demo1" name="tc6" time="0.001"/>
  <system-out/>
  <testcase classname="demopackage.Group_Demo1" name="tc8" time="0.001"/>
  <system-out/>
</testsuite> <!-- demopackage.Group_Demo1 -->
